<?xml version="1.0" encoding="UTF-8"?>
<testsuite name="com.example1.AppTest" tests="1" skipped="0" failures="0" errors="0" timestamp="2025-05-10T16:13:53.457Z" hostname="LAPTOP-4F1TQPSD" time="0.003">
  <properties/>
  <testcase name="testApp" classname="com.example1.AppTest" time="0.003"/>
  <system-out><![CDATA[]]></system-out>
  <system-err><![CDATA[]]></system-err>
</testsuite>
